Loading required package: Rcpp
Loading 'brms' package (version 2.16.1). Useful instructions
can be found by typing help('brms'). A more detailed introduction
to the package is available through vignette('brms_overview').

Attaching package: ‘brms’

The following object is masked from ‘package:stats’:

    ar

Loading required package: Matrix

Attaching package: ‘lme4’

The following object is masked from ‘package:brms’:

    ngrps

Registered S3 method overwritten by 'bootpredictlme4':
  method         from
  predict.merMod lme4
Loading required package: StanHeaders
Loading required package: ggplot2
rstan (Version 2.21.2, GitRev: 2e1f913d3ca3)
For execution on a local, multicore CPU with excess RAM we recommend calling
options(mc.cores = parallel::detectCores()).
To avoid recompilation of unchanged Stan programs, we recommend calling
rstan_options(auto_write = TRUE)

Attaching package: ‘tidybayes’

The following objects are masked from ‘package:brms’:

    dstudent_t, pstudent_t, qstudent_t, rstudent_t

── Attaching packages ─────────────────────────────────────── tidyverse 1.3.1 ──
✔ tibble  3.1.5     ✔ dplyr   1.0.7
✔ tidyr   1.1.4     ✔ stringr 1.4.0
✔ readr   2.0.2     ✔ forcats 0.5.1
✔ purrr   0.3.4     
── Conflicts ────────────────────────────────────────── tidyverse_conflicts() ──
✖ dplyr::arrange()   masks plyr::arrange()
✖ purrr::compact()   masks plyr::compact()
✖ dplyr::count()     masks plyr::count()
✖ tidyr::expand()    masks Matrix::expand()
✖ tidyr::extract()   masks rstan::extract()
✖ dplyr::failwith()  masks plyr::failwith()
✖ dplyr::filter()    masks stats::filter()
✖ dplyr::id()        masks plyr::id()
✖ dplyr::lag()       masks stats::lag()
✖ dplyr::mutate()    masks plyr::mutate()
✖ tidyr::pack()      masks Matrix::pack()
✖ dplyr::rename()    masks plyr::rename()
✖ dplyr::summarise() masks plyr::summarise()
✖ dplyr::summarize() masks plyr::summarize()
✖ tidyr::unpack()    masks Matrix::unpack()
R version 4.0.3 (2020-10-10)
Platform: x86_64-pc-linux-gnu (64-bit)
Running under: Red Hat Enterprise Linux Server 7.5 (Maipo)

Matrix products: default
BLAS:   /hpc/software/R/4.0.3/lib64/R/lib/libRblas.so
LAPACK: /hpc/software/R/4.0.3/lib64/R/lib/libRlapack.so

locale:
 [1] LC_CTYPE=en_US.UTF-8       LC_NUMERIC=C              
 [3] LC_TIME=en_US.UTF-8        LC_COLLATE=en_US.UTF-8    
 [5] LC_MONETARY=en_US.UTF-8    LC_MESSAGES=en_US.UTF-8   
 [7] LC_PAPER=en_US.UTF-8       LC_NAME=C                 
 [9] LC_ADDRESS=C               LC_TELEPHONE=C            
[11] LC_MEASUREMENT=en_US.UTF-8 LC_IDENTIFICATION=C       

attached base packages:
[1] stats     graphics  grDevices utils     datasets  methods   base     

other attached packages:
 [1] forcats_0.5.1        stringr_1.4.0        dplyr_1.0.7         
 [4] purrr_0.3.4          readr_2.0.2          tidyr_1.1.4         
 [7] tibble_3.1.5         tidyverse_1.3.1      plyr_1.8.6          
[10] tidybayes_3.0.1      rstan_2.21.2         ggplot2_3.3.5       
[13] StanHeaders_2.21.0-7 bootpredictlme4_0.1  broom.mixed_0.2.7   
[16] lme4_1.1-27.1        Matrix_1.2-18        estimatr_0.30.2     
[19] brms_2.16.1          Rcpp_1.0.7          

loaded via a namespace (and not attached):
  [1] minqa_1.2.4          colorspace_2.0-2     ellipsis_0.3.2      
  [4] ggridges_0.5.3       rsconnect_0.8.24     markdown_1.1        
  [7] fs_1.5.0             base64enc_0.1-3      rstudioapi_0.13     
 [10] farver_2.1.0         svUnit_1.0.6         DT_0.19             
 [13] lubridate_1.8.0      fansi_0.5.0          mvtnorm_1.1-3       
 [16] xml2_1.3.2           bridgesampling_1.1-2 codetools_0.2-16    
 [19] splines_4.0.3        shinythemes_1.2.0    bayesplot_1.8.1     
 [22] projpred_2.0.2       Formula_1.2-4        jsonlite_1.7.2      
 [25] nloptr_1.2.2.2       broom_0.7.9          dbplyr_2.1.1        
 [28] ggdist_3.0.0         shiny_1.7.1          httr_1.4.2          
 [31] compiler_4.0.3       backports_1.2.1      assertthat_0.2.1    
 [34] fastmap_1.1.0        cli_3.0.1            later_1.3.0         
 [37] htmltools_0.5.2      prettyunits_1.1.1    tools_4.0.3         
 [40] igraph_1.2.7         coda_0.19-4          gtable_0.3.0        
 [43] glue_1.4.2           reshape2_1.4.4       posterior_1.1.0     
 [46] V8_3.4.2             cellranger_1.1.0     vctrs_0.3.8         
 [49] nlme_3.1-149         crosstalk_1.1.1      tensorA_0.36.2      
 [52] ps_1.6.0             rvest_1.0.2          mime_0.12           
 [55] miniUI_0.1.1.1       lifecycle_1.0.1      gtools_3.9.2        
 [58] MASS_7.3-53          zoo_1.8-9            scales_1.1.1        
 [61] colourpicker_1.1.1   hms_1.1.1            promises_1.2.0.1    
 [64] Brobdingnag_1.2-6    parallel_4.0.3       inline_0.3.19       
 [67] shinystan_2.5.0      gamm4_0.2-6          curl_4.3.2          
 [70] gridExtra_2.3        loo_2.4.1            stringi_1.7.5       
 [73] dygraphs_1.1.1.6     checkmate_2.0.0      boot_1.3-25         
 [76] pkgbuild_1.2.0       rlang_0.4.12         pkgconfig_2.0.3     
 [79] matrixStats_0.61.0   distributional_0.2.2 lattice_0.20-41     
 [82] rstantools_2.1.1     htmlwidgets_1.5.4    processx_3.5.2      
 [85] tidyselect_1.1.1     magrittr_2.0.1       R6_2.5.1            
 [88] generics_0.1.0       DBI_1.1.1            haven_2.4.3         
 [91] pillar_1.6.4         withr_2.4.2          mgcv_1.8-33         
 [94] xts_0.12.1           abind_1.4-5          modelr_0.1.8        
 [97] crayon_1.4.1         arrayhelpers_1.1-0   utf8_1.2.2          
[100] tzdb_0.1.2           readxl_1.3.1         grid_4.0.3          
[103] callr_3.7.0          threejs_0.3.3        reprex_2.0.1        
[106] digest_0.6.28        xtable_1.8-4         httpuv_1.6.3        
[109] RcppParallel_5.1.4   stats4_4.0.3         munsell_0.5.0       
[112] shinyjs_2.0.0       
[1] 8
  V1           V2       V3       V4  V5
8  A crystallized Bayesian baseYear all
The desired updates require recompiling the model
Compiling Stan program...
Start sampling

SAMPLING FOR MODEL '717f94ff3d3ad396d4ac7647e44c66a2' NOW (CHAIN 1).
Chain 1: 
Chain 1: Gradient evaluation took 0 seconds
Chain 1: 1000 transitions using 10 leapfrog steps per transition would take 0 seconds.
Chain 1: Adjust your expectations accordingly!
Chain 1: 
Chain 1: 
Chain 1: Iteration:    1 / 2000 [  0%]  (Warmup)
Chain 1: Iteration:  200 / 2000 [ 10%]  (Warmup)
Chain 1: Iteration:  400 / 2000 [ 20%]  (Warmup)
